<?xml version="1.0" encoding="UTF-8"?>
<testsuite xmlns:xsi="http://www.w3.org/2001/XMLSchema-instance" xsi:noNamespaceSchemaLocation="https://maven.apache.org/surefire/maven-surefire-plugin/xsd/surefire-test-report-3.0.xsd" version="3.0" name="com.pos.test.vendingmachine.VendingmachineServiceApplicationTests" time="6.592" tests="1" errors="0" skipped="0" failures="0">
  <properties>
    <property name="java.specification.version" value="17"/>
    <property name="sun.jnu.encoding" value="UTF-8"/>
    <property name="java.class.path" value="/Users/trachman/Documents/Repository/Test-Inspiro/test-deploy-to-hosting/vendingmachine_parent/vendingmachine-service/target/test-classes:/Users/trachman/Documents/Repository/Test-Inspiro/test-deploy-to-hosting/vendingmachine_parent/vendingmachine-service/target/classes:/Users/trachman/Documents/Repository/Test-Inspiro/test-deploy-to-hosting/vendingmachine_parent/vendingmachine-manager/target/vendingmachine-manager-0.0.1-SNAPSHOT.jar:/Users/trachman/Documents/Repository/Test-Inspiro/test-deploy-to-hosting/vendingmachine_parent/vendingmachine-dao/target/vendingmachine-dao-0.0.1-SNAPSHOT.jar:/Users/trachman/Documents/Repository/Test-Inspiro/test-deploy-to-hosting/vendingmachine_parent/vendingmachine-common/target/vendingmachine-common-0.0.1-SNAPSHOT.jar:/Users/trachman/.m2/repository/com/github/xjzrc/spring/boot/disconf-spring-boot-starter/1.0.1/disconf-spring-boot-starter-1.0.1.jar:/Users/trachman/.m2/repository/com/baidu/disconf/disconf-client/2.6.36/disconf-client-2.6.36.jar:/Users/trachman/.m2/repository/com/baidu/disconf/disconf-core/2.6.36/disconf-core-2.6.36.jar:/Users/trachman/.m2/repository/org/apache/httpcomponents/httpclient/4.5.1/httpclient-4.5.1.jar:/Users/trachman/.m2/repository/org/apache/httpcomponents/httpcore/4.4.16/httpcore-4.4.16.jar:/Users/trachman/.m2/repository/commons-logging/commons-logging/1.2/commons-logging-1.2.jar:/Users/trachman/.m2/repository/org/apache/zookeeper/zookeeper/3.3.6/zookeeper-3.3.6.jar:/Users/trachman/.m2/repository/log4j/log4j/1.2.15/log4j-1.2.15.jar:/Users/trachman/.m2/repository/javax/mail/mail/1.4/mail-1.4.jar:/Users/trachman/.m2/repository/javax/activation/activation/1.1/activation-1.1.jar:/Users/trachman/.m2/repository/jline/jline/0.9.94/jline-0.9.94.jar:/Users/trachman/.m2/repository/junit/junit/4.13.2/junit-4.13.2.jar:/Users/trachman/.m2/repository/org/hamcrest/hamcrest-core/2.2/hamcrest-core-2.2.jar:/Users/trachman/.m2/repository/commons-io/commons-io/1.4/commons-io-1.4.jar:/Users/trachman/.m2/repository/com/google/code/gson/gson/2.10.1/gson-2.10.1.jar:/Users/trachman/.m2/repository/org/apache/commons/commons-lang3/3.14.0/commons-lang3-3.14.0.jar:/Users/trachman/.m2/repository/org/reflections/reflections/0.9.9-RC1/reflections-0.9.9-RC1.jar:/Users/trachman/.m2/repository/org/javassist/javassist/3.16.1-GA/javassist-3.16.1-GA.jar:/Users/trachman/.m2/repository/dom4j/dom4j/1.6.1/dom4j-1.6.1.jar:/Users/trachman/.m2/repository/xml-apis/xml-apis/1.0.b2/xml-apis-1.0.b2.jar:/Users/trachman/.m2/repository/com/google/guava/guava/19.0-rc2/guava-19.0-rc2.jar:/Users/trachman/.m2/repository/org/aspectj/aspectjtools/1.9.22.1/aspectjtools-1.9.22.1.jar:/Users/trachman/.m2/repository/net/javacrumbs/shedlock/shedlock-spring/4.27.0/shedlock-spring-4.27.0.jar:/Users/trachman/.m2/repository/net/javacrumbs/shedlock/shedlock-core/4.27.0/shedlock-core-4.27.0.jar:/Users/trachman/.m2/repository/net/javacrumbs/shedlock/shedlock-provider-jdbc-template/4.27.0/shedlock-provider-jdbc-template-4.27.0.jar:/Users/trachman/.m2/repository/org/springframework/boot/spring-boot-starter-test/3.3.5/spring-boot-starter-test-3.3.5.jar:/Users/trachman/.m2/repository/org/springframework/boot/spring-boot-starter/3.3.5/spring-boot-starter-3.3.5.jar:/Users/trachman/.m2/repository/org/springframework/boot/spring-boot/3.3.5/spring-boot-3.3.5.jar:/Users/trachman/.m2/repository/org/springframework/boot/spring-boot-autoconfigure/3.3.5/spring-boot-autoconfigure-3.3.5.jar:/Users/trachman/.m2/repository/org/springframework/boot/spring-boot-starter-logging/3.3.5/spring-boot-starter-logging-3.3.5.jar:/Users/trachman/.m2/repository/ch/qos/logback/logback-classic/1.5.11/logback-classic-1.5.11.jar:/Users/trachman/.m2/repository/ch/qos/logback/logback-core/1.5.11/logback-core-1.5.11.jar:/Users/trachman/.m2/repository/org/apache/logging/log4j/log4j-to-slf4j/2.23.1/log4j-to-slf4j-2.23.1.jar:/Users/trachman/.m2/repository/org/slf4j/jul-to-slf4j/2.0.16/jul-to-slf4j-2.0.16.jar:/Users/trachman/.m2/repository/jakarta/annotation/jakarta.annotation-api/2.1.1/jakarta.annotation-api-2.1.1.jar:/Users/trachman/.m2/repository/org/yaml/snakeyaml/2.2/snakeyaml-2.2.jar:/Users/trachman/.m2/repository/org/springframework/boot/spring-boot-test/3.3.5/spring-boot-test-3.3.5.jar:/Users/trachman/.m2/repository/org/springframework/boot/spring-boot-test-autoconfigure/3.3.5/spring-boot-test-autoconfigure-3.3.5.jar:/Users/trachman/.m2/repository/com/jayway/jsonpath/json-path/2.9.0/json-path-2.9.0.jar:/Users/trachman/.m2/repository/org/slf4j/slf4j-api/2.0.16/slf4j-api-2.0.16.jar:/Users/trachman/.m2/repository/jakarta/xml/bind/jakarta.xml.bind-api/4.0.2/jakarta.xml.bind-api-4.0.2.jar:/Users/trachman/.m2/repository/jakarta/activation/jakarta.activation-api/2.1.3/jakarta.activation-api-2.1.3.jar:/Users/trachman/.m2/repository/net/minidev/json-smart/2.5.1/json-smart-2.5.1.jar:/Users/trachman/.m2/repository/net/minidev/accessors-smart/2.5.1/accessors-smart-2.5.1.jar:/Users/trachman/.m2/repository/org/ow2/asm/asm/9.6/asm-9.6.jar:/Users/trachman/.m2/repository/org/assertj/assertj-core/3.25.3/assertj-core-3.25.3.jar:/Users/trachman/.m2/repository/net/bytebuddy/byte-buddy/1.14.19/byte-buddy-1.14.19.jar:/Users/trachman/.m2/repository/org/awaitility/awaitility/4.2.2/awaitility-4.2.2.jar:/Users/trachman/.m2/repository/org/hamcrest/hamcrest/2.2/hamcrest-2.2.jar:/Users/trachman/.m2/repository/org/junit/jupiter/junit-jupiter/5.10.5/junit-jupiter-5.10.5.jar:/Users/trachman/.m2/repository/org/junit/jupiter/junit-jupiter-api/5.10.5/junit-jupiter-api-5.10.5.jar:/Users/trachman/.m2/repository/org/opentest4j/opentest4j/1.3.0/opentest4j-1.3.0.jar:/Users/trachman/.m2/repository/org/junit/platform/junit-platform-commons/1.10.5/junit-platform-commons-1.10.5.jar:/Users/trachman/.m2/repository/org/apiguardian/apiguardian-api/1.1.2/apiguardian-api-1.1.2.jar:/Users/trachman/.m2/repository/org/junit/jupiter/junit-jupiter-params/5.10.5/junit-jupiter-params-5.10.5.jar:/Users/trachman/.m2/repository/org/junit/jupiter/junit-jupiter-engine/5.10.5/junit-jupiter-engine-5.10.5.jar:/Users/trachman/.m2/repository/org/junit/platform/junit-platform-engine/1.10.5/junit-platform-engine-1.10.5.jar:/Users/trachman/.m2/repository/org/mockito/mockito-core/5.11.0/mockito-core-5.11.0.jar:/Users/trachman/.m2/repository/net/bytebuddy/byte-buddy-agent/1.14.19/byte-buddy-agent-1.14.19.jar:/Users/trachman/.m2/repository/org/objenesis/objenesis/3.3/objenesis-3.3.jar:/Users/trachman/.m2/repository/org/mockito/mockito-junit-jupiter/5.11.0/mockito-junit-jupiter-5.11.0.jar:/Users/trachman/.m2/repository/org/skyscreamer/jsonassert/1.5.3/jsonassert-1.5.3.jar:/Users/trachman/.m2/repository/com/vaadin/external/google/android-json/0.0.20131108.vaadin1/android-json-0.0.20131108.vaadin1.jar:/Users/trachman/.m2/repository/org/springframework/spring-core/6.1.14/spring-core-6.1.14.jar:/Users/trachman/.m2/repository/org/springframework/spring-jcl/6.1.14/spring-jcl-6.1.14.jar:/Users/trachman/.m2/repository/org/springframework/spring-test/6.1.14/spring-test-6.1.14.jar:/Users/trachman/.m2/repository/org/xmlunit/xmlunit-core/2.9.1/xmlunit-core-2.9.1.jar:/Users/trachman/.m2/repository/org/springframework/boot/spring-boot-starter-web/3.3.5/spring-boot-starter-web-3.3.5.jar:/Users/trachman/.m2/repository/org/springframework/boot/spring-boot-starter-json/3.3.5/spring-boot-starter-json-3.3.5.jar:/Users/trachman/.m2/repository/com/fasterxml/jackson/core/jackson-databind/2.17.2/jackson-databind-2.17.2.jar:/Users/trachman/.m2/repository/com/fasterxml/jackson/core/jackson-annotations/2.17.2/jackson-annotations-2.17.2.jar:/Users/trachman/.m2/repository/com/fasterxml/jackson/core/jackson-core/2.17.2/jackson-core-2.17.2.jar:/Users/trachman/.m2/repository/com/fasterxml/jackson/datatype/jackson-datatype-jdk8/2.17.2/jackson-datatype-jdk8-2.17.2.jar:/Users/trachman/.m2/repository/com/fasterxml/jackson/datatype/jackson-datatype-jsr310/2.17.2/jackson-datatype-jsr310-2.17.2.jar:/Users/trachman/.m2/repository/com/fasterxml/jackson/module/jackson-module-parameter-names/2.17.2/jackson-module-parameter-names-2.17.2.jar:/Users/trachman/.m2/repository/org/springframework/boot/spring-boot-starter-tomcat/3.3.5/spring-boot-starter-tomcat-3.3.5.jar:/Users/trachman/.m2/repository/org/apache/tomcat/embed/tomcat-embed-core/10.1.31/tomcat-embed-core-10.1.31.jar:/Users/trachman/.m2/repository/org/apache/tomcat/embed/tomcat-embed-el/10.1.31/tomcat-embed-el-10.1.31.jar:/Users/trachman/.m2/repository/org/apache/tomcat/embed/tomcat-embed-websocket/10.1.31/tomcat-embed-websocket-10.1.31.jar:/Users/trachman/.m2/repository/org/springframework/spring-web/6.1.14/spring-web-6.1.14.jar:/Users/trachman/.m2/repository/org/springframework/spring-beans/6.1.14/spring-beans-6.1.14.jar:/Users/trachman/.m2/repository/io/micrometer/micrometer-observation/1.13.6/micrometer-observation-1.13.6.jar:/Users/trachman/.m2/repository/io/micrometer/micrometer-commons/1.13.6/micrometer-commons-1.13.6.jar:/Users/trachman/.m2/repository/org/springframework/spring-webmvc/6.1.14/spring-webmvc-6.1.14.jar:/Users/trachman/.m2/repository/org/springframework/spring-aop/6.1.14/spring-aop-6.1.14.jar:/Users/trachman/.m2/repository/org/springframework/spring-context/6.1.14/spring-context-6.1.14.jar:/Users/trachman/.m2/repository/org/springframework/spring-expression/6.1.14/spring-expression-6.1.14.jar:/Users/trachman/.m2/repository/org/springframework/boot/spring-boot-starter-data-jpa/3.3.5/spring-boot-starter-data-jpa-3.3.5.jar:/Users/trachman/.m2/repository/org/springframework/boot/spring-boot-starter-aop/3.3.5/spring-boot-starter-aop-3.3.5.jar:/Users/trachman/.m2/repository/org/aspectj/aspectjweaver/1.9.22.1/aspectjweaver-1.9.22.1.jar:/Users/trachman/.m2/repository/org/springframework/boot/spring-boot-starter-jdbc/3.3.5/spring-boot-starter-jdbc-3.3.5.jar:/Users/trachman/.m2/repository/com/zaxxer/HikariCP/5.1.0/HikariCP-5.1.0.jar:/Users/trachman/.m2/repository/org/springframework/spring-jdbc/6.1.14/spring-jdbc-6.1.14.jar:/Users/trachman/.m2/repository/org/hibernate/orm/hibernate-core/6.5.3.Final/hibernate-core-6.5.3.Final.jar:/Users/trachman/.m2/repository/jakarta/persistence/jakarta.persistence-api/3.1.0/jakarta.persistence-api-3.1.0.jar:/Users/trachman/.m2/repository/jakarta/transaction/jakarta.transaction-api/2.0.1/jakarta.transaction-api-2.0.1.jar:/Users/trachman/.m2/repository/org/jboss/logging/jboss-logging/3.5.3.Final/jboss-logging-3.5.3.Final.jar:/Users/trachman/.m2/repository/org/hibernate/common/hibernate-commons-annotations/6.0.6.Final/hibernate-commons-annotations-6.0.6.Final.jar:/Users/trachman/.m2/repository/io/smallrye/jandex/3.1.2/jandex-3.1.2.jar:/Users/trachman/.m2/repository/com/fasterxml/classmate/1.7.0/classmate-1.7.0.jar:/Users/trachman/.m2/repository/org/glassfish/jaxb/jaxb-runtime/4.0.5/jaxb-runtime-4.0.5.jar:/Users/trachman/.m2/repository/org/glassfish/jaxb/jaxb-core/4.0.5/jaxb-core-4.0.5.jar:/Users/trachman/.m2/repository/org/eclipse/angus/angus-activation/2.0.2/angus-activation-2.0.2.jar:/Users/trachman/.m2/repository/org/glassfish/jaxb/txw2/4.0.5/txw2-4.0.5.jar:/Users/trachman/.m2/repository/com/sun/istack/istack-commons-runtime/4.1.2/istack-commons-runtime-4.1.2.jar:/Users/trachman/.m2/repository/jakarta/inject/jakarta.inject-api/2.0.1/jakarta.inject-api-2.0.1.jar:/Users/trachman/.m2/repository/org/antlr/antlr4-runtime/4.13.0/antlr4-runtime-4.13.0.jar:/Users/trachman/.m2/repository/org/springframework/data/spring-data-jpa/3.3.5/spring-data-jpa-3.3.5.jar:/Users/trachman/.m2/repository/org/springframework/data/spring-data-commons/3.3.5/spring-data-commons-3.3.5.jar:/Users/trachman/.m2/repository/org/springframework/spring-orm/6.1.14/spring-orm-6.1.14.jar:/Users/trachman/.m2/repository/org/springframework/spring-tx/6.1.14/spring-tx-6.1.14.jar:/Users/trachman/.m2/repository/org/springframework/spring-aspects/6.1.14/spring-aspects-6.1.14.jar:/Users/trachman/.m2/repository/org/springframework/boot/spring-boot-starter-log4j2/3.3.5/spring-boot-starter-log4j2-3.3.5.jar:/Users/trachman/.m2/repository/org/apache/logging/log4j/log4j-slf4j2-impl/2.23.1/log4j-slf4j2-impl-2.23.1.jar:/Users/trachman/.m2/repository/org/apache/logging/log4j/log4j-api/2.23.1/log4j-api-2.23.1.jar:/Users/trachman/.m2/repository/org/apache/logging/log4j/log4j-core/2.23.1/log4j-core-2.23.1.jar:/Users/trachman/.m2/repository/org/apache/logging/log4j/log4j-jul/2.23.1/log4j-jul-2.23.1.jar:/Users/trachman/.m2/repository/org/postgresql/postgresql/42.7.4/postgresql-42.7.4.jar:/Users/trachman/.m2/repository/org/checkerframework/checker-qual/3.42.0/checker-qual-3.42.0.jar:/Users/trachman/.m2/repository/org/springframework/boot/spring-boot-configuration-processor/3.3.5/spring-boot-configuration-processor-3.3.5.jar:/Users/trachman/.m2/repository/org/apache/poi/poi/4.1.0/poi-4.1.0.jar:/Users/trachman/.m2/repository/commons-codec/commons-codec/1.16.1/commons-codec-1.16.1.jar:/Users/trachman/.m2/repository/org/apache/commons/commons-collections4/4.3/commons-collections4-4.3.jar:/Users/trachman/.m2/repository/org/apache/commons/commons-math3/3.6.1/commons-math3-3.6.1.jar:/Users/trachman/.m2/repository/org/apache/poi/poi-ooxml/4.1.0/poi-ooxml-4.1.0.jar:/Users/trachman/.m2/repository/org/apache/poi/poi-ooxml-schemas/4.1.0/poi-ooxml-schemas-4.1.0.jar:/Users/trachman/.m2/repository/org/apache/xmlbeans/xmlbeans/3.1.0/xmlbeans-3.1.0.jar:/Users/trachman/.m2/repository/org/apache/commons/commons-compress/1.18/commons-compress-1.18.jar:/Users/trachman/.m2/repository/com/github/virtuald/curvesapi/1.06/curvesapi-1.06.jar:/Users/trachman/.m2/repository/org/projectlombok/lombok/1.18.34/lombok-1.18.34.jar:"/>
    <property name="java.vm.vendor" value="Oracle Corporation"/>
    <property name="sun.arch.data.model" value="64"/>
    <property name="java.vendor.url" value="https://java.oracle.com/"/>
    <property name="user.timezone" value="Asia/Jakarta"/>
    <property name="org.jboss.logging.provider" value="slf4j"/>
    <property name="os.name" value="Mac OS X"/>
    <property name="java.vm.specification.version" value="17"/>
    <property name="sun.java.launcher" value="SUN_STANDARD"/>
    <property name="user.country" value="ID"/>
    <property name="sun.boot.library.path" value="/Library/Java/JavaVirtualMachines/jdk-17.jdk/Contents/Home/lib"/>
    <property name="sun.java.command" value="/Users/trachman/Documents/Repository/Test-Inspiro/test-deploy-to-hosting/vendingmachine_parent/vendingmachine-service/target/surefire/surefirebooter-20241110220321657_3.jar /Users/trachman/Documents/Repository/Test-Inspiro/test-deploy-to-hosting/vendingmachine_parent/vendingmachine-service/target/surefire 2024-11-10T22-03-14_527-jvmRun1 surefire-20241110220321657_1tmp surefire_0-20241110220321657_2tmp"/>
    <property name="http.nonProxyHosts" value="local|*.local|169.254/16|*.169.254/16"/>
    <property name="jdk.debug" value="release"/>
    <property name="surefire.test.class.path" value="/Users/trachman/Documents/Repository/Test-Inspiro/test-deploy-to-hosting/vendingmachine_parent/vendingmachine-service/target/test-classes:/Users/trachman/Documents/Repository/Test-Inspiro/test-deploy-to-hosting/vendingmachine_parent/vendingmachine-service/target/classes:/Users/trachman/Documents/Repository/Test-Inspiro/test-deploy-to-hosting/vendingmachine_parent/vendingmachine-manager/target/vendingmachine-manager-0.0.1-SNAPSHOT.jar:/Users/trachman/Documents/Repository/Test-Inspiro/test-deploy-to-hosting/vendingmachine_parent/vendingmachine-dao/target/vendingmachine-dao-0.0.1-SNAPSHOT.jar:/Users/trachman/Documents/Repository/Test-Inspiro/test-deploy-to-hosting/vendingmachine_parent/vendingmachine-common/target/vendingmachine-common-0.0.1-SNAPSHOT.jar:/Users/trachman/.m2/repository/com/github/xjzrc/spring/boot/disconf-spring-boot-starter/1.0.1/disconf-spring-boot-starter-1.0.1.jar:/Users/trachman/.m2/repository/com/baidu/disconf/disconf-client/2.6.36/disconf-client-2.6.36.jar:/Users/trachman/.m2/repository/com/baidu/disconf/disconf-core/2.6.36/disconf-core-2.6.36.jar:/Users/trachman/.m2/repository/org/apache/httpcomponents/httpclient/4.5.1/httpclient-4.5.1.jar:/Users/trachman/.m2/repository/org/apache/httpcomponents/httpcore/4.4.16/httpcore-4.4.16.jar:/Users/trachman/.m2/repository/commons-logging/commons-logging/1.2/commons-logging-1.2.jar:/Users/trachman/.m2/repository/org/apache/zookeeper/zookeeper/3.3.6/zookeeper-3.3.6.jar:/Users/trachman/.m2/repository/log4j/log4j/1.2.15/log4j-1.2.15.jar:/Users/trachman/.m2/repository/javax/mail/mail/1.4/mail-1.4.jar:/Users/trachman/.m2/repository/javax/activation/activation/1.1/activation-1.1.jar:/Users/trachman/.m2/repository/jline/jline/0.9.94/jline-0.9.94.jar:/Users/trachman/.m2/repository/junit/junit/4.13.2/junit-4.13.2.jar:/Users/trachman/.m2/repository/org/hamcrest/hamcrest-core/2.2/hamcrest-core-2.2.jar:/Users/trachman/.m2/repository/commons-io/commons-io/1.4/commons-io-1.4.jar:/Users/trachman/.m2/repository/com/google/code/gson/gson/2.10.1/gson-2.10.1.jar:/Users/trachman/.m2/repository/org/apache/commons/commons-lang3/3.14.0/commons-lang3-3.14.0.jar:/Users/trachman/.m2/repository/org/reflections/reflections/0.9.9-RC1/reflections-0.9.9-RC1.jar:/Users/trachman/.m2/repository/org/javassist/javassist/3.16.1-GA/javassist-3.16.1-GA.jar:/Users/trachman/.m2/repository/dom4j/dom4j/1.6.1/dom4j-1.6.1.jar:/Users/trachman/.m2/repository/xml-apis/xml-apis/1.0.b2/xml-apis-1.0.b2.jar:/Users/trachman/.m2/repository/com/google/guava/guava/19.0-rc2/guava-19.0-rc2.jar:/Users/trachman/.m2/repository/org/aspectj/aspectjtools/1.9.22.1/aspectjtools-1.9.22.1.jar:/Users/trachman/.m2/repository/net/javacrumbs/shedlock/shedlock-spring/4.27.0/shedlock-spring-4.27.0.jar:/Users/trachman/.m2/repository/net/javacrumbs/shedlock/shedlock-core/4.27.0/shedlock-core-4.27.0.jar:/Users/trachman/.m2/repository/net/javacrumbs/shedlock/shedlock-provider-jdbc-template/4.27.0/shedlock-provider-jdbc-template-4.27.0.jar:/Users/trachman/.m2/repository/org/springframework/boot/spring-boot-starter-test/3.3.5/spring-boot-starter-test-3.3.5.jar:/Users/trachman/.m2/repository/org/springframework/boot/spring-boot-starter/3.3.5/spring-boot-starter-3.3.5.jar:/Users/trachman/.m2/repository/org/springframework/boot/spring-boot/3.3.5/spring-boot-3.3.5.jar:/Users/trachman/.m2/repository/org/springframework/boot/spring-boot-autoconfigure/3.3.5/spring-boot-autoconfigure-3.3.5.jar:/Users/trachman/.m2/repository/org/springframework/boot/spring-boot-starter-logging/3.3.5/spring-boot-starter-logging-3.3.5.jar:/Users/trachman/.m2/repository/ch/qos/logback/logback-classic/1.5.11/logback-classic-1.5.11.jar:/Users/trachman/.m2/repository/ch/qos/logback/logback-core/1.5.11/logback-core-1.5.11.jar:/Users/trachman/.m2/repository/org/apache/logging/log4j/log4j-to-slf4j/2.23.1/log4j-to-slf4j-2.23.1.jar:/Users/trachman/.m2/repository/org/slf4j/jul-to-slf4j/2.0.16/jul-to-slf4j-2.0.16.jar:/Users/trachman/.m2/repository/jakarta/annotation/jakarta.annotation-api/2.1.1/jakarta.annotation-api-2.1.1.jar:/Users/trachman/.m2/repository/org/yaml/snakeyaml/2.2/snakeyaml-2.2.jar:/Users/trachman/.m2/repository/org/springframework/boot/spring-boot-test/3.3.5/spring-boot-test-3.3.5.jar:/Users/trachman/.m2/repository/org/springframework/boot/spring-boot-test-autoconfigure/3.3.5/spring-boot-test-autoconfigure-3.3.5.jar:/Users/trachman/.m2/repository/com/jayway/jsonpath/json-path/2.9.0/json-path-2.9.0.jar:/Users/trachman/.m2/repository/org/slf4j/slf4j-api/2.0.16/slf4j-api-2.0.16.jar:/Users/trachman/.m2/repository/jakarta/xml/bind/jakarta.xml.bind-api/4.0.2/jakarta.xml.bind-api-4.0.2.jar:/Users/trachman/.m2/repository/jakarta/activation/jakarta.activation-api/2.1.3/jakarta.activation-api-2.1.3.jar:/Users/trachman/.m2/repository/net/minidev/json-smart/2.5.1/json-smart-2.5.1.jar:/Users/trachman/.m2/repository/net/minidev/accessors-smart/2.5.1/accessors-smart-2.5.1.jar:/Users/trachman/.m2/repository/org/ow2/asm/asm/9.6/asm-9.6.jar:/Users/trachman/.m2/repository/org/assertj/assertj-core/3.25.3/assertj-core-3.25.3.jar:/Users/trachman/.m2/repository/net/bytebuddy/byte-buddy/1.14.19/byte-buddy-1.14.19.jar:/Users/trachman/.m2/repository/org/awaitility/awaitility/4.2.2/awaitility-4.2.2.jar:/Users/trachman/.m2/repository/org/hamcrest/hamcrest/2.2/hamcrest-2.2.jar:/Users/trachman/.m2/repository/org/junit/jupiter/junit-jupiter/5.10.5/junit-jupiter-5.10.5.jar:/Users/trachman/.m2/repository/org/junit/jupiter/junit-jupiter-api/5.10.5/junit-jupiter-api-5.10.5.jar:/Users/trachman/.m2/repository/org/opentest4j/opentest4j/1.3.0/opentest4j-1.3.0.jar:/Users/trachman/.m2/repository/org/junit/platform/junit-platform-commons/1.10.5/junit-platform-commons-1.10.5.jar:/Users/trachman/.m2/repository/org/apiguardian/apiguardian-api/1.1.2/apiguardian-api-1.1.2.jar:/Users/trachman/.m2/repository/org/junit/jupiter/junit-jupiter-params/5.10.5/junit-jupiter-params-5.10.5.jar:/Users/trachman/.m2/repository/org/junit/jupiter/junit-jupiter-engine/5.10.5/junit-jupiter-engine-5.10.5.jar:/Users/trachman/.m2/repository/org/junit/platform/junit-platform-engine/1.10.5/junit-platform-engine-1.10.5.jar:/Users/trachman/.m2/repository/org/mockito/mockito-core/5.11.0/mockito-core-5.11.0.jar:/Users/trachman/.m2/repository/net/bytebuddy/byte-buddy-agent/1.14.19/byte-buddy-agent-1.14.19.jar:/Users/trachman/.m2/repository/org/objenesis/objenesis/3.3/objenesis-3.3.jar:/Users/trachman/.m2/repository/org/mockito/mockito-junit-jupiter/5.11.0/mockito-junit-jupiter-5.11.0.jar:/Users/trachman/.m2/repository/org/skyscreamer/jsonassert/1.5.3/jsonassert-1.5.3.jar:/Users/trachman/.m2/repository/com/vaadin/external/google/android-json/0.0.20131108.vaadin1/android-json-0.0.20131108.vaadin1.jar:/Users/trachman/.m2/repository/org/springframework/spring-core/6.1.14/spring-core-6.1.14.jar:/Users/trachman/.m2/repository/org/springframework/spring-jcl/6.1.14/spring-jcl-6.1.14.jar:/Users/trachman/.m2/repository/org/springframework/spring-test/6.1.14/spring-test-6.1.14.jar:/Users/trachman/.m2/repository/org/xmlunit/xmlunit-core/2.9.1/xmlunit-core-2.9.1.jar:/Users/trachman/.m2/repository/org/springframework/boot/spring-boot-starter-web/3.3.5/spring-boot-starter-web-3.3.5.jar:/Users/trachman/.m2/repository/org/springframework/boot/spring-boot-starter-json/3.3.5/spring-boot-starter-json-3.3.5.jar:/Users/trachman/.m2/repository/com/fasterxml/jackson/core/jackson-databind/2.17.2/jackson-databind-2.17.2.jar:/Users/trachman/.m2/repository/com/fasterxml/jackson/core/jackson-annotations/2.17.2/jackson-annotations-2.17.2.jar:/Users/trachman/.m2/repository/com/fasterxml/jackson/core/jackson-core/2.17.2/jackson-core-2.17.2.jar:/Users/trachman/.m2/repository/com/fasterxml/jackson/datatype/jackson-datatype-jdk8/2.17.2/jackson-datatype-jdk8-2.17.2.jar:/Users/trachman/.m2/repository/com/fasterxml/jackson/datatype/jackson-datatype-jsr310/2.17.2/jackson-datatype-jsr310-2.17.2.jar:/Users/trachman/.m2/repository/com/fasterxml/jackson/module/jackson-module-parameter-names/2.17.2/jackson-module-parameter-names-2.17.2.jar:/Users/trachman/.m2/repository/org/springframework/boot/spring-boot-starter-tomcat/3.3.5/spring-boot-starter-tomcat-3.3.5.jar:/Users/trachman/.m2/repository/org/apache/tomcat/embed/tomcat-embed-core/10.1.31/tomcat-embed-core-10.1.31.jar:/Users/trachman/.m2/repository/org/apache/tomcat/embed/tomcat-embed-el/10.1.31/tomcat-embed-el-10.1.31.jar:/Users/trachman/.m2/repository/org/apache/tomcat/embed/tomcat-embed-websocket/10.1.31/tomcat-embed-websocket-10.1.31.jar:/Users/trachman/.m2/repository/org/springframework/spring-web/6.1.14/spring-web-6.1.14.jar:/Users/trachman/.m2/repository/org/springframework/spring-beans/6.1.14/spring-beans-6.1.14.jar:/Users/trachman/.m2/repository/io/micrometer/micrometer-observation/1.13.6/micrometer-observation-1.13.6.jar:/Users/trachman/.m2/repository/io/micrometer/micrometer-commons/1.13.6/micrometer-commons-1.13.6.jar:/Users/trachman/.m2/repository/org/springframework/spring-webmvc/6.1.14/spring-webmvc-6.1.14.jar:/Users/trachman/.m2/repository/org/springframework/spring-aop/6.1.14/spring-aop-6.1.14.jar:/Users/trachman/.m2/repository/org/springframework/spring-context/6.1.14/spring-context-6.1.14.jar:/Users/trachman/.m2/repository/org/springframework/spring-expression/6.1.14/spring-expression-6.1.14.jar:/Users/trachman/.m2/repository/org/springframework/boot/spring-boot-starter-data-jpa/3.3.5/spring-boot-starter-data-jpa-3.3.5.jar:/Users/trachman/.m2/repository/org/springframework/boot/spring-boot-starter-aop/3.3.5/spring-boot-starter-aop-3.3.5.jar:/Users/trachman/.m2/repository/org/aspectj/aspectjweaver/1.9.22.1/aspectjweaver-1.9.22.1.jar:/Users/trachman/.m2/repository/org/springframework/boot/spring-boot-starter-jdbc/3.3.5/spring-boot-starter-jdbc-3.3.5.jar:/Users/trachman/.m2/repository/com/zaxxer/HikariCP/5.1.0/HikariCP-5.1.0.jar:/Users/trachman/.m2/repository/org/springframework/spring-jdbc/6.1.14/spring-jdbc-6.1.14.jar:/Users/trachman/.m2/repository/org/hibernate/orm/hibernate-core/6.5.3.Final/hibernate-core-6.5.3.Final.jar:/Users/trachman/.m2/repository/jakarta/persistence/jakarta.persistence-api/3.1.0/jakarta.persistence-api-3.1.0.jar:/Users/trachman/.m2/repository/jakarta/transaction/jakarta.transaction-api/2.0.1/jakarta.transaction-api-2.0.1.jar:/Users/trachman/.m2/repository/org/jboss/logging/jboss-logging/3.5.3.Final/jboss-logging-3.5.3.Final.jar:/Users/trachman/.m2/repository/org/hibernate/common/hibernate-commons-annotations/6.0.6.Final/hibernate-commons-annotations-6.0.6.Final.jar:/Users/trachman/.m2/repository/io/smallrye/jandex/3.1.2/jandex-3.1.2.jar:/Users/trachman/.m2/repository/com/fasterxml/classmate/1.7.0/classmate-1.7.0.jar:/Users/trachman/.m2/repository/org/glassfish/jaxb/jaxb-runtime/4.0.5/jaxb-runtime-4.0.5.jar:/Users/trachman/.m2/repository/org/glassfish/jaxb/jaxb-core/4.0.5/jaxb-core-4.0.5.jar:/Users/trachman/.m2/repository/org/eclipse/angus/angus-activation/2.0.2/angus-activation-2.0.2.jar:/Users/trachman/.m2/repository/org/glassfish/jaxb/txw2/4.0.5/txw2-4.0.5.jar:/Users/trachman/.m2/repository/com/sun/istack/istack-commons-runtime/4.1.2/istack-commons-runtime-4.1.2.jar:/Users/trachman/.m2/repository/jakarta/inject/jakarta.inject-api/2.0.1/jakarta.inject-api-2.0.1.jar:/Users/trachman/.m2/repository/org/antlr/antlr4-runtime/4.13.0/antlr4-runtime-4.13.0.jar:/Users/trachman/.m2/repository/org/springframework/data/spring-data-jpa/3.3.5/spring-data-jpa-3.3.5.jar:/Users/trachman/.m2/repository/org/springframework/data/spring-data-commons/3.3.5/spring-data-commons-3.3.5.jar:/Users/trachman/.m2/repository/org/springframework/spring-orm/6.1.14/spring-orm-6.1.14.jar:/Users/trachman/.m2/repository/org/springframework/spring-tx/6.1.14/spring-tx-6.1.14.jar:/Users/trachman/.m2/repository/org/springframework/spring-aspects/6.1.14/spring-aspects-6.1.14.jar:/Users/trachman/.m2/repository/org/springframework/boot/spring-boot-starter-log4j2/3.3.5/spring-boot-starter-log4j2-3.3.5.jar:/Users/trachman/.m2/repository/org/apache/logging/log4j/log4j-slf4j2-impl/2.23.1/log4j-slf4j2-impl-2.23.1.jar:/Users/trachman/.m2/repository/org/apache/logging/log4j/log4j-api/2.23.1/log4j-api-2.23.1.jar:/Users/trachman/.m2/repository/org/apache/logging/log4j/log4j-core/2.23.1/log4j-core-2.23.1.jar:/Users/trachman/.m2/repository/org/apache/logging/log4j/log4j-jul/2.23.1/log4j-jul-2.23.1.jar:/Users/trachman/.m2/repository/org/postgresql/postgresql/42.7.4/postgresql-42.7.4.jar:/Users/trachman/.m2/repository/org/checkerframework/checker-qual/3.42.0/checker-qual-3.42.0.jar:/Users/trachman/.m2/repository/org/springframework/boot/spring-boot-configuration-processor/3.3.5/spring-boot-configuration-processor-3.3.5.jar:/Users/trachman/.m2/repository/org/apache/poi/poi/4.1.0/poi-4.1.0.jar:/Users/trachman/.m2/repository/commons-codec/commons-codec/1.16.1/commons-codec-1.16.1.jar:/Users/trachman/.m2/repository/org/apache/commons/commons-collections4/4.3/commons-collections4-4.3.jar:/Users/trachman/.m2/repository/org/apache/commons/commons-math3/3.6.1/commons-math3-3.6.1.jar:/Users/trachman/.m2/repository/org/apache/poi/poi-ooxml/4.1.0/poi-ooxml-4.1.0.jar:/Users/trachman/.m2/repository/org/apache/poi/poi-ooxml-schemas/4.1.0/poi-ooxml-schemas-4.1.0.jar:/Users/trachman/.m2/repository/org/apache/xmlbeans/xmlbeans/3.1.0/xmlbeans-3.1.0.jar:/Users/trachman/.m2/repository/org/apache/commons/commons-compress/1.18/commons-compress-1.18.jar:/Users/trachman/.m2/repository/com/github/virtuald/curvesapi/1.06/curvesapi-1.06.jar:/Users/trachman/.m2/repository/org/projectlombok/lombok/1.18.34/lombok-1.18.34.jar:"/>
    <property name="sun.cpu.endian" value="little"/>
    <property name="user.home" value="/Users/trachman"/>
    <property name="user.language" value="en"/>
    <property name="java.specification.vendor" value="Oracle Corporation"/>
    <property name="java.version.date" value="2023-07-18"/>
    <property name="java.home" value="/Library/Java/JavaVirtualMachines/jdk-17.jdk/Contents/Home"/>
    <property name="file.separator" value="/"/>
    <property name="style.color" value="always"/>
    <property name="basedir" value="/Users/trachman/Documents/Repository/Test-Inspiro/test-deploy-to-hosting/vendingmachine_parent/vendingmachine-service"/>
    <property name="java.vm.compressedOopsMode" value="Zero based"/>
    <property name="line.separator" value="&#10;"/>
    <property name="java.vm.specification.vendor" value="Oracle Corporation"/>
    <property name="java.specification.name" value="Java Platform API Specification"/>
    <property name="FILE_LOG_CHARSET" value="UTF-8"/>
    <property name="java.awt.headless" value="true"/>
    <property name="surefire.real.class.path" value="/Users/trachman/Documents/Repository/Test-Inspiro/test-deploy-to-hosting/vendingmachine_parent/vendingmachine-service/target/surefire/surefirebooter-20241110220321657_3.jar"/>
    <property name="sun.management.compiler" value="HotSpot 64-Bit Tiered Compilers"/>
    <property name="ftp.nonProxyHosts" value="local|*.local|169.254/16|*.169.254/16"/>
    <property name="java.runtime.version" value="17.0.8+9-LTS-211"/>
    <property name="user.name" value="trachman"/>
    <property name="path.separator" value=":"/>
    <property name="os.version" value="13.7.1"/>
    <property name="java.runtime.name" value="Java(TM) SE Runtime Environment"/>
    <property name="file.encoding" value="UTF-8"/>
    <property name="java.vm.name" value="Java HotSpot(TM) 64-Bit Server VM"/>
    <property name="localRepository" value="/Users/trachman/.m2/repository"/>
    <property name="java.vendor.url.bug" value="https://bugreport.java.com/bugreport/"/>
    <property name="java.io.tmpdir" value="/var/folders/9h/3mf1b44s4q5_gy4s7t_fb3ym0000gn/T/"/>
    <property name="com.zaxxer.hikari.pool_number" value="1"/>
    <property name="java.version" value="17.0.8"/>
    <property name="user.dir" value="/Users/trachman/Documents/Repository/Test-Inspiro/test-deploy-to-hosting/vendingmachine_parent/vendingmachine-service"/>
    <property name="os.arch" value="x86_64"/>
    <property name="java.vm.specification.name" value="Java Virtual Machine Specification"/>
    <property name="PID" value="9213"/>
    <property name="CONSOLE_LOG_CHARSET" value="UTF-8"/>
    <property name="native.encoding" value="UTF-8"/>
    <property name="java.library.path" value="/Users/trachman/Library/Java/Extensions:/Library/Java/Extensions:/Network/Library/Java/Extensions:/System/Library/Java/Extensions:/usr/lib/java:."/>
    <property name="java.vm.info" value="mixed mode, sharing"/>
    <property name="java.vendor" value="Oracle Corporation"/>
    <property name="java.vm.version" value="17.0.8+9-LTS-211"/>
    <property name="sun.io.unicode.encoding" value="UnicodeBig"/>
    <property name="socksNonProxyHosts" value="local|*.local|169.254/16|*.169.254/16"/>
    <property name="java.class.version" value="61.0"/>
  </properties>
  <testcase name="contextLoads" classname="com.pos.test.vendingmachine.VendingmachineServiceApplicationTests" time="0.723">
    <system-out><![CDATA[Standard Commons Logging discovery in action with spring-jcl: please remove commons-logging.jar from classpath in order to avoid potential conflicts
22:03:23.226 [main] INFO org.springframework.test.context.support.AnnotationConfigContextLoaderUtils -- Could not detect default configuration classes for test class [com.pos.test.vendingmachine.VendingmachineServiceApplicationTests]: VendingmachineServiceApplicationTests does not declare any static, non-private, non-final, nested classes annotated with @Configuration.
22:03:23.422 [main] INFO org.springframework.boot.test.context.SpringBootTestContextBootstrapper -- Found @SpringBootConfiguration com.pos.test.vendingmachine.VendingmachineServiceApplication for test class com.pos.test.vendingmachine.VendingmachineServiceApplicationTests

  .   ____          _            __ _ _
 /\\ / ___'_ __ _ _(_)_ __  __ _ \ \ \ \
( ( )\___ | '_ | '_| | '_ \/ _` | \ \ \ \
 \\/  ___)| |_)| | | | | || (_| |  ) ) ) )
  '  |____| .__|_| |_|_| |_\__, | / / / /
 =========|_|==============|___/=/_/_/_/

 :: Spring Boot ::                (v3.3.5)

2024-11-10T22:03:23.940+07:00  INFO 9213 --- [           main] .v.VendingmachineServiceApplicationTests : Starting VendingmachineServiceApplicationTests using Java 17.0.8 with PID 9213 (started by trachman in /Users/trachman/Documents/Repository/Test-Inspiro/test-deploy-to-hosting/vendingmachine_parent/vendingmachine-service)
2024-11-10T22:03:23.942+07:00  INFO 9213 --- [           main] .v.VendingmachineServiceApplicationTests : No active profile set, falling back to 1 default profile: "default"
2024-11-10T22:03:24.863+07:00  INFO 9213 --- [           main] .s.d.r.c.RepositoryConfigurationDelegate : Bootstrapping Spring Data JPA repositories in DEFAULT mode.
2024-11-10T22:03:24.935+07:00  INFO 9213 --- [           main] .s.d.r.c.RepositoryConfigurationDelegate : Finished Spring Data repository scanning in 62 ms. Found 2 JPA repository interfaces.
2024-11-10T22:03:25.469+07:00  INFO 9213 --- [           main] o.hibernate.jpa.internal.util.LogHelper  : HHH000204: Processing PersistenceUnitInfo [name: default]
2024-11-10T22:03:25.574+07:00  INFO 9213 --- [           main] org.hibernate.Version                    : HHH000412: Hibernate ORM core version 6.5.3.Final
2024-11-10T22:03:25.639+07:00  INFO 9213 --- [           main] o.h.c.internal.RegionFactoryInitiator    : HHH000026: Second-level cache disabled
2024-11-10T22:03:26.045+07:00  INFO 9213 --- [           main] o.s.o.j.p.SpringPersistenceUnitInfo      : No LoadTimeWeaver setup: ignoring JPA class transformer
2024-11-10T22:03:26.083+07:00  INFO 9213 --- [           main] com.zaxxer.hikari.HikariDataSource       : HikariPool-1 - Starting...
2024-11-10T22:03:26.293+07:00  INFO 9213 --- [           main] com.zaxxer.hikari.pool.HikariPool        : HikariPool-1 - Added connection org.postgresql.jdbc.PgConnection@2c579202
2024-11-10T22:03:26.295+07:00  INFO 9213 --- [           main] com.zaxxer.hikari.HikariDataSource       : HikariPool-1 - Start completed.
2024-11-10T22:03:27.404+07:00  INFO 9213 --- [           main] o.h.e.t.j.p.i.JtaPlatformInitiator       : HHH000489: No JTA platform available (set 'hibernate.transaction.jta.platform' to enable JTA platform integration)
2024-11-10T22:03:27.508+07:00  INFO 9213 --- [           main] j.LocalContainerEntityManagerFactoryBean : Initialized JPA EntityManagerFactory for persistence unit 'default'
2024-11-10T22:03:28.078+07:00  WARN 9213 --- [           main] JpaBaseConfiguration$JpaWebConfiguration : spring.jpa.open-in-view is enabled by default. Therefore, database queries may be performed during view rendering. Explicitly configure spring.jpa.open-in-view to disable this warning
2024-11-10T22:03:28.545+07:00  INFO 9213 --- [           main] .v.VendingmachineServiceApplicationTests : Started VendingmachineServiceApplicationTests in 4.889 seconds (process running for 6.787)
]]></system-out>
    <system-err><![CDATA[SLF4J(W): Class path contains multiple SLF4J providers.
SLF4J(W): Found provider [ch.qos.logback.classic.spi.LogbackServiceProvider@557caf28]
SLF4J(W): Found provider [org.apache.logging.slf4j.SLF4JServiceProvider@408d971b]
SLF4J(W): See https://www.slf4j.org/codes.html#multiple_bindings for an explanation.
SLF4J(I): Actual provider is of type [ch.qos.logback.classic.spi.LogbackServiceProvider@557caf28]
]]></system-err>
  </testcase>
</testsuite>